This is pdfTeXk, Version 3.141592-1.40.3 (Web2C 7.5.6) (format=pdflatex 2007.5.18)  10 JUL 2011 16:05
entering extended mode
\write18 enabled.
 %&-line parsing enabled.
**JoCS-Elsevier_Revised_temp.tex
(./JoCS-Elsevier_Revised_temp.tex
LaTeX2e <2005/12/01>
Babel <v3.8h> and hyphenation patterns for english, usenglishmax, dumylang, noh
yphenation, arabic, basque, bulgarian, coptic, welsh, czech, slovak, german, ng
erman, danish, esperanto, spanish, catalan, galician, estonian, farsi, finnish,
 french, greek, monogreek, ancientgreek, croatian, hungarian, interlingua, ibyc
us, indonesian, icelandic, italian, latin, mongolian, dutch, norsk, polish, por
tuguese, pinyin, romanian, russian, slovenian, uppersorbian, serbian, swedish, 
turkish, ukenglish, ukrainian, loaded.
(./elsarticle.cls
Document Class: elsarticle 2009/09/17, 1.20b: Elsevier Ltd
\@bls=\dimen102
(/usr/local/texlive/2007/texmf-dist/tex/latex/base/article.cls
Document Class: article 2005/09/16 v1.4f Standard LaTeX document class
(/usr/local/texlive/2007/texmf-dist/tex/latex/base/size12.clo
File: size12.clo 2005/09/16 v1.4f Standard LaTeX file (size option)
)
\c@part=\count79
\c@section=\count80
\c@subsection=\count81
\c@subsubsection=\count82
\c@paragraph=\count83
\c@subparagraph=\count84
\c@figure=\count85
\c@table=\count86
\abovecaptionskip=\skip41
\belowcaptionskip=\skip42
\bibindent=\dimen103
)
(/usr/local/texlive/2007/texmf-dist/tex/latex/graphics/graphicx.sty
Package: graphicx 1999/02/16 v1.0f Enhanced LaTeX Graphics (DPC,SPQR)

(/usr/local/texlive/2007/texmf-dist/tex/latex/graphics/keyval.sty
Package: keyval 1999/03/16 v1.13 key=value parser (DPC)
\KV@toks@=\toks14
)
(/usr/local/texlive/2007/texmf-dist/tex/latex/graphics/graphics.sty
Package: graphics 2006/02/20 v1.0o Standard LaTeX Graphics (DPC,SPQR)

(/usr/local/texlive/2007/texmf-dist/tex/latex/graphics/trig.sty
Package: trig 1999/03/16 v1.09 sin cos tan (DPC)
)
(/usr/local/texlive/2007/texmf/tex/latex/config/graphics.cfg
File: graphics.cfg 2007/01/18 v1.5 graphics configuration of teTeX/TeXLive
)
Package graphics Info: Driver file: pdftex.def on input line 90.

(/usr/local/texlive/2007/texmf-dist/tex/latex/pdftex-def/pdftex.def
File: pdftex.def 2007/01/08 v0.04d Graphics/color for pdfTeX
\Gread@gobject=\count87
))
\Gin@req@height=\dimen104
\Gin@req@width=\dimen105
)
(/usr/local/texlive/2007/texmf-dist/tex/latex/psnfss/pifont.sty
Package: pifont 2005/04/12 PSNFSS-v9.2a Pi font support (SPQR) 
LaTeX Font Info:    Try loading font information for U+pzd on input line 63.

(/usr/local/texlive/2007/texmf-dist/tex/latex/psnfss/upzd.fd
File: upzd.fd 2001/06/04 font definitions for U/pzd.
)
LaTeX Font Info:    Try loading font information for U+psy on input line 64.

(/usr/local/texlive/2007/texmf-dist/tex/latex/psnfss/upsy.fd
File: upsy.fd 2001/06/04 font definitions for U/psy.
))
\c@tnote=\count88
\c@fnote=\count89
\c@cnote=\count90
\c@ead=\count91
\c@author=\count92
\@eadauthor=\toks15
\c@affn=\count93
\absbox=\box26
\keybox=\box27
\Columnwidth=\dimen106
\space@left=\dimen107
\els@boxa=\box28
\els@boxb=\box29
\leftMargin=\dimen108
\@enLab=\toks16
\@sep=\skip43
\@@sep=\skip44

(./JoCS-Elsevier_Revised_temp.spl)
(/usr/local/texlive/2007/texmf-dist/tex/latex/natbib/natbib.sty
Package: natbib 2007/02/05 8.0 (PWD)
\bibhang=\skip45
\bibsep=\skip46
LaTeX Info: Redefining \cite on input line 602.
\c@NAT@ctr=\count94
)
\splwrite=\write3
\openout3 = `JoCS-Elsevier_Revised_temp.spl'.

\appnamewidth=\dimen109
)
(/usr/local/texlive/2007/texmf-dist/tex/latex/amsfonts/amssymb.sty
Package: amssymb 2002/01/22 v2.2d

(/usr/local/texlive/2007/texmf-dist/tex/latex/amsfonts/amsfonts.sty
Package: amsfonts 2001/10/25 v2.2f
\@emptytoks=\toks17
\symAMSa=\mathgroup4
\symAMSb=\mathgroup5
LaTeX Font Info:    Overwriting math alphabet `\mathfrak' in version `bold'
(Font)                  U/euf/m/n --> U/euf/b/n on input line 132.
))
(/usr/local/texlive/2007/texmf-dist/tex/latex/amsmath/amsmath.sty
Package: amsmath 2000/07/18 v2.13 AMS math features
\@mathmargin=\skip47

For additional information on amsmath, use the `?' option.
(/usr/local/texlive/2007/texmf-dist/tex/latex/amsmath/amstext.sty
Package: amstext 2000/06/29 v2.01

(/usr/local/texlive/2007/texmf-dist/tex/latex/amsmath/amsgen.sty
File: amsgen.sty 1999/11/30 v2.0
\@emptytoks=\toks18
\ex@=\dimen110
))
(/usr/local/texlive/2007/texmf-dist/tex/latex/amsmath/amsbsy.sty
Package: amsbsy 1999/11/29 v1.2d
\pmbraise@=\dimen111
)
(/usr/local/texlive/2007/texmf-dist/tex/latex/amsmath/amsopn.sty
Package: amsopn 1999/12/14 v2.01 operator names
)
\inf@bad=\count95
LaTeX Info: Redefining \frac on input line 211.
\uproot@=\count96
\leftroot@=\count97
LaTeX Info: Redefining \overline on input line 307.
\classnum@=\count98
\DOTSCASE@=\count99
LaTeX Info: Redefining \ldots on input line 379.
LaTeX Info: Redefining \dots on input line 382.
LaTeX Info: Redefining \cdots on input line 467.
\Mathstrutbox@=\box30
\strutbox@=\box31
\big@size=\dimen112
LaTeX Font Info:    Redeclaring font encoding OML on input line 567.
LaTeX Font Info:    Redeclaring font encoding OMS on input line 568.
\macc@depth=\count100
\c@MaxMatrixCols=\count101
\dotsspace@=\muskip10
\c@parentequation=\count102
\dspbrk@lvl=\count103
\tag@help=\toks19
\row@=\count104
\column@=\count105
\maxfields@=\count106
\andhelp@=\toks20
\eqnshift@=\dimen113
\alignsep@=\dimen114
\tagshift@=\dimen115
\tagwidth@=\dimen116
\totwidth@=\dimen117
\lineht@=\dimen118
\@envbody=\toks21
\multlinegap=\skip48
\multlinetaggap=\skip49
\mathdisplay@stack=\toks22
LaTeX Info: Redefining \[ on input line 2666.
LaTeX Info: Redefining \] on input line 2667.
)
(/usr/local/texlive/2007/texmf-dist/tex/latex/oberdiek/epstopdf.sty
Package: epstopdf 2006/08/26 v1.3 Conversion with epstopdf on the fly (HO)
)
(/usr/local/texlive/2007/texmf-dist/tex/latex/graphics/color.sty
Package: color 2005/11/14 v1.0j Standard LaTeX Color (DPC)

(/usr/local/texlive/2007/texmf/tex/latex/config/color.cfg
File: color.cfg 2007/01/18 v1.5 color configuration of teTeX/TeXLive
)
Package color Info: Driver file: pdftex.def on input line 130.
)
(/usr/local/texlive/2007/texmf-dist/tex/latex/tools/array.sty
Package: array 2005/08/23 v2.4b Tabular extension package (FMi)
\col@sep=\dimen119
\extrarowheight=\dimen120
\NC@list=\toks23
\extratabsurround=\skip50
\backup@length=\skip51
)
(/usr/local/texlive/2007/texmf-dist/tex/latex/multirow/multirow.sty
\bigstrutjot=\dimen121
)
(/usr/local/texlive/2007/texmf-dist/tex/latex/booktabs/booktabs.sty
Package: booktabs 2005/03/16 v1.6180 publication quality tables
\heavyrulewidth=\dimen122
\lightrulewidth=\dimen123
\cmidrulewidth=\dimen124
\belowrulesep=\dimen125
\belowbottomsep=\dimen126
\aboverulesep=\dimen127
\abovetopsep=\dimen128
\cmidrulesep=\dimen129
\cmidrulekern=\dimen130
\defaultaddspace=\dimen131
\@cmidla=\count107
\@cmidlb=\count108
\@aboverulesep=\dimen132
\@belowrulesep=\dimen133
\@thisruleclass=\count109
\@lastruleclass=\count110
\@thisrulewidth=\dimen134
)
(./JoCS-Elsevier_Revised_temp.aux

LaTeX Warning: Label `eq:Con2' multiply defined.

)
\openout1 = `JoCS-Elsevier_Revised_temp.aux'.

LaTeX Font Info:    Checking defaults for OML/cmm/m/it on input line 89.
LaTeX Font Info:    ... okay on input line 89.
LaTeX Font Info:    Checking defaults for T1/cmr/m/n on input line 89.
LaTeX Font Info:    ... okay on input line 89.
LaTeX Font Info:    Checking defaults for OT1/cmr/m/n on input line 89.
LaTeX Font Info:    ... okay on input line 89.
LaTeX Font Info:    Checking defaults for OMS/cmsy/m/n on input line 89.
LaTeX Font Info:    ... okay on input line 89.
LaTeX Font Info:    Checking defaults for OMX/cmex/m/n on input line 89.
LaTeX Font Info:    ... okay on input line 89.
LaTeX Font Info:    Checking defaults for U/cmr/m/n on input line 89.
LaTeX Font Info:    ... okay on input line 89.
 (/usr/local/texlive/2007/texmf-dist/tex/context/base/supp-pdf.tex
[Loading MPS to PDF converter (version 2006.09.02).]
\scratchcounter=\count111
\scratchdimen=\dimen135
\scratchbox=\box32
\nofMPsegments=\count112
\nofMParguments=\count113
\MPscratchCnt=\count114
\MPscratchDim=\dimen136
\MPnumerator=\count115
\everyMPtoPDFconversion=\toks24
)
LaTeX Font Info:    Try loading font information for U+msa on input line 184.
 (/usr/local/texlive/2007/texmf-dist/tex/latex/amsfonts/umsa.fd
File: umsa.fd 2002/01/19 v2.2g AMS font definitions
)
LaTeX Font Info:    Try loading font information for U+msb on input line 184.

(/usr/local/texlive/2007/texmf-dist/tex/latex/amsfonts/umsb.fd
File: umsb.fd 2002/01/19 v2.2g AMS font definitions
) [1


{/usr/local/texlive/2007/texmf-var/fonts/map/pdftex/updmap/pdftex.map}] [2] [3]
 [4] [5]
[6] [7]
Overfull \hbox (12.17076pt too wide) in paragraph at lines 350--350
[]\OT1/cmr/bx/n/12 Fundamentals of the Hy-brid Cou-pled CFD-MD Sim-u-la-tion To
olkit 
 []

[8] [9] <Hybrid_Schematic.pdf, id=42, 909.3975pt x 741.77126pt>
File: Hybrid_Schematic.pdf Graphic file (type pdf)

<use Hybrid_Schematic.pdf> [10] [11 <./Hybrid_Schematic.pdf>] [12]
Missing character: There is no Þ in font cmr10!
Missing character: There is no ß in font cmr10!
Missing character: There is no Þ in font cmr10!
Missing character: There is no ß in font cmr10!

Underfull \hbox (badness 7759) in paragraph at lines 530--530
[]|\OT1/cmr/m/n/10 Overset Data Struc-ture
 []


Underfull \hbox (badness 2173) in paragraph at lines 532--533
[]|\OT1/cmr/m/n/10 External Force Equa-tion
 []

Missing character: There is no Ò in font cmr12!
Missing character: There is no Ó in font cmr12!
Missing character: There is no Ò in font cmr12!
Missing character: There is no Ó in font cmr12!
Missing character: There is no Ò in font cmr12!
Missing character: There is no Ó in font cmr12!
[13] [14] [15] [16] [17]
Overfull \hbox (1.00566pt too wide) in paragraph at lines 714--715
[]\OT1/cmr/m/n/12 We pro-pose sam-pling mul-ti-ple in-de-pen-dent hy-brid sim-u
-la-tions in a smaller
 []

Missing character: There is no Ñ in font cmr12!
Missing character: There is no Ñ in font cmr12!

Overfull \hbox (5.25284pt too wide) in paragraph at lines 730--731
[]\OT1/cmr/m/n/12 Two con-ven-tion-ally used cou-pling strate-giessyn-chro-nize
d and se-quen-tialare
 []



pdfTeX warning: /usr/texbin/pdflatex (file ./Synchro_Coupling.pdf): PDF inclusi
on: found PDF version <1.6>, but at most version <1.4> allowed
<Synchro_Coupling.pdf, id=84, 573.5628pt x 264.76918pt>
File: Synchro_Coupling.pdf Graphic file (type pdf)

<use Synchro_Coupling.pdf>

pdfTeX warning: /usr/texbin/pdflatex (file ./Sequential_Coupling.pdf): PDF incl
usion: found PDF version <1.6>, but at most version <1.4> allowed
<Sequential_Coupling.pdf, id=85, 573.5628pt x 274.626pt>
File: Sequential_Coupling.pdf Graphic file (type pdf)

<use Sequential_Coupling.pdf> [18] [19 <./Synchro_Coupling.pdf> <./Sequential_C
oupling.pdf>]

pdfTeX warning: /usr/texbin/pdflatex (file ./Prediction_Correction_Org.pdf): PD
F inclusion: found PDF version <1.6>, but at most version <1.4> allowed
<Prediction_Correction_Org.pdf, id=97, 668.16624pt x 264.76918pt>
File: Prediction_Correction_Org.pdf Graphic file (type pdf)

<use Prediction_Correction_Org.pdf>

pdfTeX warning: /usr/texbin/pdflatex (file ./Prediction_Correction_Extra_Simple
.pdf): PDF inclusion: found PDF version <1.6>, but at most version <1.4> allowe
d
<Prediction_Correction_Extra_Simple.pdf, id=98, 668.16624pt x 238.49101pt>
File: Prediction_Correction_Extra_Simple.pdf Graphic file (type pdf)

<use Prediction_Correction_Extra_Simple.pdf>

pdfTeX warning: /usr/texbin/pdflatex (file ./Prediction_Correction_Inter_Simple
.pdf): PDF inclusion: found PDF version <1.6>, but at most version <1.4> allowe
d
<Prediction_Correction_Inter_Simple.pdf, id=99, 681.30536pt x 238.49101pt>
File: Prediction_Correction_Inter_Simple.pdf Graphic file (type pdf)

<use Prediction_Correction_Inter_Simple.pdf>

pdfTeX warning: /usr/texbin/pdflatex (file ./Prediction_Correction_Both_Simple.
pdf): PDF inclusion: found PDF version <1.6>, but at most version <1.4> allowed

<Prediction_Correction_Both_Simple.pdf, id=100, 681.30536pt x 238.49101pt>
File: Prediction_Correction_Both_Simple.pdf Graphic file (type pdf)

<use Prediction_Correction_Both_Simple.pdf>
Missing character: There is no Ò in font cmr12!
Missing character: There is no Ó in font cmr12!
 [20] [21 <./Prediction_Correction_Org.pdf> <./Prediction_Correction_Extra_Simp
le.pdf> <./Prediction_Correction_Inter_Simple.pdf> <./Prediction_Correction_Bot
h_Simple.pdf>]
system(epstopdf Structure_of_SAGA.eps)...executed.


<Structure_of_SAGA.pdf, id=115, 471.7625pt x 297.11pt>
File: Structure_of_SAGA.pdf Graphic file (type pdf)

<use Structure_of_SAGA.pdf>
LaTeX Font Info:    Try loading font information for OMS+cmr on input line 815.


(/usr/local/texlive/2007/texmf-dist/tex/latex/base/omscmr.fd
File: omscmr.fd 1999/05/25 v2.5h Standard LaTeX font definitions
)
LaTeX Font Info:    Font shape `OMS/cmr/m/n' in size <12> not available
(Font)              Font shape `OMS/cmsy/m/n' tried instead on input line 815.
 [22] [23 <./Structure_of_SAGA.pdf>]
<Structure_of_BigJob.pdf, id=217, 611.28375pt x 464.73625pt>
File: Structure_of_BigJob.pdf Graphic file (type pdf)

<use Structure_of_BigJob.pdf> [24 <./Structure_of_BigJob.pdf>] [25]
Missing character: There is no Ò in font cmr12!
Missing character: There is no Ó in font cmr12!
 [26]
<Single_BigJob_Scenarios_new.pdf, id=233, 709.65125pt x 807.015pt>
File: Single_BigJob_Scenarios_new.pdf Graphic file (type pdf)

<use Single_BigJob_Scenarios_new.pdf> [27] [28 <./Single_BigJob_Scenarios_new.p
df>] [29] [30]

pdfTeX warning: /usr/texbin/pdflatex (file ./Couette_Val_Domain.pdf): PDF inclu
sion: found PDF version <1.6>, but at most version <1.4> allowed
<Couette_Val_Domain.pdf, id=293, 637.29088pt x 490.78357pt>
File: Couette_Val_Domain.pdf Graphic file (type pdf)

<use Couette_Val_Domain.pdf>

LaTeX Warning: Command \r invalid in math mode on input line 1152.


LaTeX Warning: Command \r invalid in math mode on input line 1152.

[31] [32 <./Couette_Val_Domain.pdf>]

pdfTeX warning: /usr/texbin/pdflatex (file ./Flat_Plate_Sol1.pdf): PDF inclusio
n: found PDF version <1.6>, but at most version <1.4> allowed
<Flat_Plate_Sol1.pdf, id=303, 516.39923pt x 466.47275pt>
File: Flat_Plate_Sol1.pdf Graphic file (type pdf)

<use Flat_Plate_Sol1.pdf>

pdfTeX warning: /usr/texbin/pdflatex (file ./Flat_Plate_Sol2.pdf): PDF inclusio
n: found PDF version <1.6>, but at most version <1.4> allowed
<Flat_Plate_Sol2.pdf, id=304, 512.46455pt x 465.15784pt>
File: Flat_Plate_Sol2.pdf Graphic file (type pdf)

<use Flat_Plate_Sol2.pdf>

LaTeX Warning: Float too large for page by 5.11533pt on input line 1220.



pdfTeX warning: /usr/texbin/pdflatex (file ./Couette_025_Samp4.pdf): PDF inclus
ion: found PDF version <1.6>, but at most version <1.4> allowed
<Couette_025_Samp4.pdf, id=305, 516.39923pt x 467.12518pt>
File: Couette_025_Samp4.pdf Graphic file (type pdf)

<use Couette_025_Samp4.pdf>

pdfTeX warning: /usr/texbin/pdflatex (file ./Couette_025_Samp16.pdf): PDF inclu
sion: found PDF version <1.6>, but at most version <1.4> allowed
<Couette_025_Samp16.pdf, id=306, 516.39923pt x 467.12518pt>
File: Couette_025_Samp16.pdf Graphic file (type pdf)

<use Couette_025_Samp16.pdf>

pdfTeX warning: /usr/texbin/pdflatex (file ./Couette_025_Temporal_Multiset.pdf)
: PDF inclusion: found PDF version <1.6>, but at most version <1.4> allowed
<Couette_025_Temporal_Multiset.pdf, id=307, 536.1129pt x 461.87555pt>
File: Couette_025_Temporal_Multiset.pdf Graphic file (type pdf)

<use Couette_025_Temporal_Multiset.pdf>

pdfTeX warning: /usr/texbin/pdflatex (file ./Couette_025_Scale16.pdf): PDF incl
usion: found PDF version <1.6>, but at most version <1.4> allowed
<Couette_025_Scale16.pdf, id=308, 516.39923pt x 467.12518pt>
File: Couette_025_Scale16.pdf Graphic file (type pdf)

<use Couette_025_Scale16.pdf>

pdfTeX warning: /usr/texbin/pdflatex (file ./Couette_025_Temporal_Multiset_VS_S
caleup.pdf): PDF inclusion: found PDF version <1.6>, but at most version <1.4> 
allowed

<Couette_025_Temporal_Multiset_VS_Scaleup.pdf, id=309, 536.1129pt x 471.72234pt
>
File: Couette_025_Temporal_Multiset_VS_Scaleup.pdf Graphic file (type pdf)
 <use Couette_025_Temporal_Multiset_VS_Scaleup.pdf> [33] [34 <./Flat_Plate_Sol1
.pdf> <./Flat_Plate_Sol2.pdf>] [35 <./Couette_025_Samp4.pdf> <./Couette_025_Sam
p16.pdf>] [36 <./Couette_025_Temporal_Multiset.pdf>] [37 <./Couette_025_Scale16
.pdf> <./Couette_025_Temporal_Multiset_VS_Scaleup.pdf>]

pdfTeX warning: /usr/texbin/pdflatex (file ./Stokes_Sol_Profile.pdf): PDF inclu
sion: found PDF version <1.6>, but at most version <1.4> allowed
<Stokes_Sol_Profile.pdf, id=340, 567.65077pt x 516.39923pt>
File: Stokes_Sol_Profile.pdf Graphic file (type pdf)

<use Stokes_Sol_Profile.pdf>

pdfTeX warning: /usr/texbin/pdflatex (file ./Stokes_Temporal_Profile.pdf): PDF 
inclusion: found PDF version <1.6>, but at most version <1.4> allowed
<Stokes_Temporal_Profile.pdf, id=341, 567.65077pt x 504.57509pt>
File: Stokes_Temporal_Profile.pdf Graphic file (type pdf)

<use Stokes_Temporal_Profile.pdf>

pdfTeX warning: /usr/texbin/pdflatex (file ./Stokes_Org_Multi.pdf): PDF inclusi
on: found PDF version <1.6>, but at most version <1.4> allowed
<Stokes_Org_Multi.pdf, id=342, 567.65077pt x 504.57509pt>
File: Stokes_Org_Multi.pdf Graphic file (type pdf)

<use Stokes_Org_Multi.pdf>

pdfTeX warning: /usr/texbin/pdflatex (file ./Stokes_Both_Multi.pdf): PDF inclus
ion: found PDF version <1.6>, but at most version <1.4> allowed
<Stokes_Both_Multi.pdf, id=343, 567.65077pt x 504.57509pt>
File: Stokes_Both_Multi.pdf Graphic file (type pdf)

<use Stokes_Both_Multi.pdf>
Missing character: There is no Ò in font cmr12!
Missing character: There is no Ó in font cmr12!
 [38] [39 <./Stokes_Sol_Profile.pdf> <./Stokes_Temporal_Profile.pdf>] [40 <./St
okes_Org_Multi.pdf> <./Stokes_Both_Multi.pdf>]

pdfTeX warning: /usr/texbin/pdflatex (file ./Stokes_Org_Diff.pdf): PDF inclusio
n: found PDF version <1.6>, but at most version <1.4> allowed
<Stokes_Org_Diff.pdf, id=361, 567.65077pt x 504.57509pt>
File: Stokes_Org_Diff.pdf Graphic file (type pdf)

<use Stokes_Org_Diff.pdf>

pdfTeX warning: /usr/texbin/pdflatex (file ./Stokes_Exp_Diff.pdf): PDF inclusio
n: found PDF version <1.6>, but at most version <1.4> allowed
<Stokes_Exp_Diff.pdf, id=362, 567.65077pt x 504.57509pt>
File: Stokes_Exp_Diff.pdf Graphic file (type pdf)

<use Stokes_Exp_Diff.pdf>

pdfTeX warning: /usr/texbin/pdflatex (file ./Stokes_Imp_Diff.pdf): PDF inclusio
n: found PDF version <1.6>, but at most version <1.4> allowed
<Stokes_Imp_Diff.pdf, id=363, 567.65077pt x 504.57509pt>
File: Stokes_Imp_Diff.pdf Graphic file (type pdf)

<use Stokes_Imp_Diff.pdf>

pdfTeX warning: /usr/texbin/pdflatex (file ./Stokes_Both_Diff.pdf): PDF inclusi
on: found PDF version <1.6>, but at most version <1.4> allowed
<Stokes_Both_Diff.pdf, id=364, 567.65077pt x 504.57509pt>
File: Stokes_Both_Diff.pdf Graphic file (type pdf)

<use Stokes_Both_Diff.pdf> [41] [42 <./Stokes_Org_Diff.pdf> <./Stokes_Exp_Diff.
pdf> <./Stokes_Imp_Diff.pdf> <./Stokes_Both_Diff.pdf>] [43] [44] [45]
<256_Node.jpg, id=389, 487.8225pt x 432.86719pt>
File: 256_Node.jpg Graphic file (type jpg)
 <use 256_Node.jpg>
<256_Time.jpg, id=390, 487.8225pt x 432.86719pt>
File: 256_Time.jpg Graphic file (type jpg)
 <use 256_Time.jpg>
Missing character: There is no Ð in font cmr12!
Missing character: There is no Ð in font cmr12!
Missing character: There is no Ð in font cmr12!
Missing character: There is no Ð in font cmr12!
 [46]
<512_Node.jpg, id=394, 487.8225pt x 432.86719pt>
File: 512_Node.jpg Graphic file (type jpg)
 <use 512_Node.jpg>
<512_Time.jpg, id=395, 487.8225pt x 432.86719pt>
File: 512_Time.jpg Graphic file (type jpg)
 <use 512_Time.jpg> [47 <./256_Node.jpg> <./256_Time.jpg>] [48 <./512_Node.jpg>
 <./512_Time.jpg>] [49]
(./JoCS-Elsevier_Revised_temp.bbl [50] [51]) [52]
(./JoCS-Elsevier_Revised_temp.aux)

LaTeX Warning: There were multiply-defined labels.

 ) 
Here is how much of TeX's memory you used:
 2738 strings out of 94073
 35272 string characters out of 1162984
 92741 words of memory out of 1500000
 5946 multiletter control sequences out of 10000+50000
 15612 words of font info for 59 fonts, out of 1200000 for 2000
 645 hyphenation exceptions out of 8191
 32i,15n,30p,1983b,292s stack positions out of 5000i,500n,6000p,200000b,5000s
</usr/local/texlive/2007/texmf-dist/fonts/type1/bluesky/cm/cmbx12.pfb></usr/l
ocal/texlive/2007/texmf-dist/fonts/type1/bluesky/cm/cmex10.pfb></usr/local/texl
ive/2007/texmf-dist/fonts/type1/bluesky/cm/cmmi10.pfb></usr/local/texlive/2007/
texmf-dist/fonts/type1/bluesky/cm/cmmi12.pfb></usr/local/texlive/2007/texmf-dis
t/fonts/type1/bluesky/cm/cmmi7.pfb></usr/local/texlive/2007/texmf-dist/fonts/ty
pe1/bluesky/cm/cmmi8.pfb></usr/local/texlive/2007/texmf-dist/fonts/type1/bluesk
y/cm/cmr10.pfb></usr/local/texlive/2007/texmf-dist/fonts/type1/bluesky/cm/cmr12
.pfb></usr/local/texlive/2007/texmf-dist/fonts/type1/bluesky/cm/cmr17.pfb></usr
/local/texlive/2007/texmf-dist/fonts/type1/bluesky/cm/cmr7.pfb></usr/local/texl
ive/2007/texmf-dist/fonts/type1/bluesky/cm/cmr8.pfb></usr/local/texlive/2007/te
xmf-dist/fonts/type1/bluesky/cm/cmsy10.pfb></usr/local/texlive/2007/texmf-dist/
fonts/type1/bluesky/cm/cmsy7.pfb></usr/local/texlive/2007/texmf-dist/fonts/type
1/bluesky/cm/cmsy8.pfb></usr/local/texlive/2007/texmf-dist/fonts/type1/bluesky/
cm/cmti10.pfb></usr/local/texlive/2007/texmf-dist/fonts/type1/bluesky/cm/cmti12
.pfb></usr/local/texlive/2007/texmf-dist/fonts/type1/bluesky/cm/cmti7.pfb></usr
/local/texlive/2007/texmf-dist/fonts/type1/bluesky/cm/cmti8.pfb></usr/local/tex
live/2007/texmf-dist/fonts/type1/bluesky/cm/cmtt10.pfb></usr/local/texlive/2007
/texmf-dist/fonts/type1/bluesky/cm/cmtt12.pfb>
Output written on JoCS-Elsevier_Revised_temp.pdf (52 pages, 1527301 bytes).
PDF statistics:
 480 PDF objects out of 1000 (max. 8388607)
 0 named destinations out of 1000 (max. 131072)
 151 words of extra memory for PDF output out of 10000 (max. 10000000)

