This is pdfTeXk, Version 3.141592-1.40.3 (Web2C 7.5.6) (format=pdflatex 2007.5.18)  21 JUL 2010 19:33
entering extended mode
\write18 enabled.
 %&-line parsing enabled.
**Journal_paper_071210.tex
(./Journal_paper_071210.tex
LaTeX2e <2005/12/01>
Babel <v3.8h> and hyphenation patterns for english, usenglishmax, dumylang, noh
yphenation, arabic, basque, bulgarian, coptic, welsh, czech, slovak, german, ng
erman, danish, esperanto, spanish, catalan, galician, estonian, farsi, finnish,
 french, greek, monogreek, ancientgreek, croatian, hungarian, interlingua, ibyc
us, indonesian, icelandic, italian, latin, mongolian, dutch, norsk, polish, por
tuguese, pinyin, romanian, russian, slovenian, uppersorbian, serbian, swedish, 
turkish, ukenglish, ukrainian, loaded.
(/usr/local/texlive/2007/texmf-dist/tex/latex/IEEEtran/IEEEtran.cls
Document Class: IEEEtran 2007/01/11 V1.7 by Michael Shell
-- See the "IEEEtran_HOWTO" manual for usage information.
-- http://www.michaelshell.org/tex/ieeetran/
\@IEEEtrantmpdimenA=\dimen102
\@IEEEtrantmpdimenB=\dimen103
\@IEEEtrantmpcountA=\count79
\@IEEEtrantmpcountB=\count80
\@IEEEtrantmptoksA=\toks14
LaTeX Font Info:    Try loading font information for OT1+ptm on input line 368.

(/usr/local/texlive/2007/texmf-dist/tex/latex/psnfss/ot1ptm.fd
File: ot1ptm.fd 2001/06/04 font definitions for OT1/ptm.
)
-- Using 8.5in x 11in (letter) paper.
-- Using PDF output.
\@IEEEnormalsizeunitybaselineskip=\dimen104
-- This is a 10 point document.
\CLASSINFOnormalsizebaselineskip=\dimen105
\CLASSINFOnormalsizeunitybaselineskip=\dimen106
\IEEEnormaljot=\dimen107
LaTeX Font Info:    Font shape `OT1/ptm/bx/n' in size <5> not available
(Font)              Font shape `OT1/ptm/b/n' tried instead on input line 726.
LaTeX Font Info:    Font shape `OT1/ptm/bx/it' in size <5> not available
(Font)              Font shape `OT1/ptm/b/it' tried instead on input line 726.
LaTeX Font Info:    Font shape `OT1/ptm/bx/n' in size <7> not available
(Font)              Font shape `OT1/ptm/b/n' tried instead on input line 726.
LaTeX Font Info:    Font shape `OT1/ptm/bx/it' in size <7> not available
(Font)              Font shape `OT1/ptm/b/it' tried instead on input line 726.
LaTeX Font Info:    Font shape `OT1/ptm/bx/n' in size <8> not available
(Font)              Font shape `OT1/ptm/b/n' tried instead on input line 726.
LaTeX Font Info:    Font shape `OT1/ptm/bx/it' in size <8> not available
(Font)              Font shape `OT1/ptm/b/it' tried instead on input line 726.
LaTeX Font Info:    Font shape `OT1/ptm/bx/n' in size <9> not available
(Font)              Font shape `OT1/ptm/b/n' tried instead on input line 726.
LaTeX Font Info:    Font shape `OT1/ptm/bx/it' in size <9> not available
(Font)              Font shape `OT1/ptm/b/it' tried instead on input line 726.
LaTeX Font Info:    Font shape `OT1/ptm/bx/n' in size <10> not available
(Font)              Font shape `OT1/ptm/b/n' tried instead on input line 726.
LaTeX Font Info:    Font shape `OT1/ptm/bx/it' in size <10> not available
(Font)              Font shape `OT1/ptm/b/it' tried instead on input line 726.
LaTeX Font Info:    Font shape `OT1/ptm/bx/n' in size <11> not available
(Font)              Font shape `OT1/ptm/b/n' tried instead on input line 726.
LaTeX Font Info:    Font shape `OT1/ptm/bx/it' in size <11> not available
(Font)              Font shape `OT1/ptm/b/it' tried instead on input line 726.
LaTeX Font Info:    Font shape `OT1/ptm/bx/n' in size <12> not available
(Font)              Font shape `OT1/ptm/b/n' tried instead on input line 726.
LaTeX Font Info:    Font shape `OT1/ptm/bx/it' in size <12> not available
(Font)              Font shape `OT1/ptm/b/it' tried instead on input line 726.
LaTeX Font Info:    Font shape `OT1/ptm/bx/n' in size <17> not available
(Font)              Font shape `OT1/ptm/b/n' tried instead on input line 726.
LaTeX Font Info:    Font shape `OT1/ptm/bx/it' in size <17> not available
(Font)              Font shape `OT1/ptm/b/it' tried instead on input line 726.
LaTeX Font Info:    Font shape `OT1/ptm/bx/n' in size <20> not available
(Font)              Font shape `OT1/ptm/b/n' tried instead on input line 726.
LaTeX Font Info:    Font shape `OT1/ptm/bx/it' in size <20> not available
(Font)              Font shape `OT1/ptm/b/it' tried instead on input line 726.
LaTeX Font Info:    Font shape `OT1/ptm/bx/n' in size <24> not available
(Font)              Font shape `OT1/ptm/b/n' tried instead on input line 726.
LaTeX Font Info:    Font shape `OT1/ptm/bx/it' in size <24> not available
(Font)              Font shape `OT1/ptm/b/it' tried instead on input line 726.
\IEEEilabelindentA=\dimen108
\IEEEilabelindentB=\dimen109
\IEEEilabelindent=\dimen110
\IEEEelabelindent=\dimen111
\IEEEdlabelindent=\dimen112
\IEEElabelindent=\dimen113
\IEEEiednormlabelsep=\dimen114
\IEEEiedmathlabelsep=\dimen115
\IEEEiedtopsep=\skip41
\c@section=\count81
\c@subsection=\count82
\c@subsubsection=\count83
\c@paragraph=\count84
\c@IEEEsubequation=\count85
\abovecaptionskip=\skip42
\belowcaptionskip=\skip43
\c@figure=\count86
\c@table=\count87
\@IEEEeqnnumcols=\count88
\@IEEEeqncolcnt=\count89
\@IEEEtmpitemindent=\dimen116
\c@IEEEbiography=\count90
\@IEEEtranrubishbin=\box26
) (./latex8.sty
IEEE 8.5 x 11-Inch Proceedings Style `latex8.sty'.
\@ctmp=\skip44
\@figindent=\skip45
) (/usr/local/texlive/2007/texmf-dist/tex/latex/psnfss/times.sty
Package: times 2005/04/12 PSNFSS-v9.2a (SPQR) 
)
(/usr/local/texlive/2007/texmf-dist/tex/latex/amsfonts/amssymb.sty
Package: amssymb 2002/01/22 v2.2d

(/usr/local/texlive/2007/texmf-dist/tex/latex/amsfonts/amsfonts.sty
Package: amsfonts 2001/10/25 v2.2f
\@emptytoks=\toks15
\symAMSa=\mathgroup4
\symAMSb=\mathgroup5
LaTeX Font Info:    Overwriting math alphabet `\mathfrak' in version `bold'
(Font)                  U/euf/m/n --> U/euf/b/n on input line 132.
))
(/usr/local/texlive/2007/texmf-dist/tex/latex/amsmath/amsmath.sty
Package: amsmath 2000/07/18 v2.13 AMS math features
\@mathmargin=\skip46

For additional information on amsmath, use the `?' option.
(/usr/local/texlive/2007/texmf-dist/tex/latex/amsmath/amstext.sty
Package: amstext 2000/06/29 v2.01

(/usr/local/texlive/2007/texmf-dist/tex/latex/amsmath/amsgen.sty
File: amsgen.sty 1999/11/30 v2.0
\@emptytoks=\toks16
\ex@=\dimen117
))
(/usr/local/texlive/2007/texmf-dist/tex/latex/amsmath/amsbsy.sty
Package: amsbsy 1999/11/29 v1.2d
\pmbraise@=\dimen118
)
(/usr/local/texlive/2007/texmf-dist/tex/latex/amsmath/amsopn.sty
Package: amsopn 1999/12/14 v2.01 operator names
)
\inf@bad=\count91
LaTeX Info: Redefining \frac on input line 211.
\uproot@=\count92
\leftroot@=\count93
LaTeX Info: Redefining \overline on input line 307.
\classnum@=\count94
\DOTSCASE@=\count95
LaTeX Info: Redefining \ldots on input line 379.
LaTeX Info: Redefining \dots on input line 382.
LaTeX Info: Redefining \cdots on input line 467.
\Mathstrutbox@=\box27
\strutbox@=\box28
\big@size=\dimen119
LaTeX Font Info:    Redeclaring font encoding OML on input line 567.
LaTeX Font Info:    Redeclaring font encoding OMS on input line 568.
\macc@depth=\count96
\c@MaxMatrixCols=\count97
\dotsspace@=\muskip10
\c@parentequation=\count98
\dspbrk@lvl=\count99
\tag@help=\toks17
\row@=\count100
\column@=\count101
\maxfields@=\count102
\andhelp@=\toks18
\eqnshift@=\dimen120
\alignsep@=\dimen121
\tagshift@=\dimen122
\tagwidth@=\dimen123
\totwidth@=\dimen124
\lineht@=\dimen125
\@envbody=\toks19
\multlinegap=\skip47
\multlinetaggap=\skip48
\mathdisplay@stack=\toks20
LaTeX Info: Redefining \[ on input line 2666.
LaTeX Info: Redefining \] on input line 2667.
)
(/usr/local/texlive/2007/texmf-dist/tex/latex/graphics/graphicx.sty
Package: graphicx 1999/02/16 v1.0f Enhanced LaTeX Graphics (DPC,SPQR)

(/usr/local/texlive/2007/texmf-dist/tex/latex/graphics/keyval.sty
Package: keyval 1999/03/16 v1.13 key=value parser (DPC)
\KV@toks@=\toks21
)
(/usr/local/texlive/2007/texmf-dist/tex/latex/graphics/graphics.sty
Package: graphics 2006/02/20 v1.0o Standard LaTeX Graphics (DPC,SPQR)

(/usr/local/texlive/2007/texmf-dist/tex/latex/graphics/trig.sty
Package: trig 1999/03/16 v1.09 sin cos tan (DPC)
)
(/usr/local/texlive/2007/texmf/tex/latex/config/graphics.cfg
File: graphics.cfg 2007/01/18 v1.5 graphics configuration of teTeX/TeXLive
)
Package graphics Info: Driver file: pdftex.def on input line 90.

(/usr/local/texlive/2007/texmf-dist/tex/latex/pdftex-def/pdftex.def
File: pdftex.def 2007/01/08 v0.04d Graphics/color for pdfTeX
\Gread@gobject=\count103
))
\Gin@req@height=\dimen126
\Gin@req@width=\dimen127
)
(/usr/local/texlive/2007/texmf-dist/tex/latex/oberdiek/epstopdf.sty
Package: epstopdf 2006/08/26 v1.3 Conversion with epstopdf on the fly (HO)
)
(/usr/local/texlive/2007/texmf-dist/tex/latex/graphics/color.sty
Package: color 2005/11/14 v1.0j Standard LaTeX Color (DPC)

(/usr/local/texlive/2007/texmf/tex/latex/config/color.cfg
File: color.cfg 2007/01/18 v1.5 color configuration of teTeX/TeXLive
)
Package color Info: Driver file: pdftex.def on input line 130.
)
(/usr/local/texlive/2007/texmf-dist/tex/latex/multirow/multirow.sty
\bigstrutjot=\dimen128
)
(/usr/local/texlive/2007/texmf-dist/tex/latex/booktabs/booktabs.sty
Package: booktabs 2005/03/16 v1.6180 publication quality tables
\heavyrulewidth=\dimen129
\lightrulewidth=\dimen130
\cmidrulewidth=\dimen131
\belowrulesep=\dimen132
\belowbottomsep=\dimen133
\aboverulesep=\dimen134
\abovetopsep=\dimen135
\cmidrulesep=\dimen136
\cmidrulekern=\dimen137
\defaultaddspace=\dimen138
\@cmidla=\count104
\@cmidlb=\count105
\@aboverulesep=\dimen139
\@belowrulesep=\dimen140
\@thisruleclass=\count106
\@lastruleclass=\count107
\@thisrulewidth=\dimen141
)
(./Journal_paper_071210.aux

LaTeX Warning: Label `eq:Con_vel' multiply defined.


LaTeX Warning: Label `eq:Con2' multiply defined.

)
\openout1 = `Journal_paper_071210.aux'.

LaTeX Font Info:    Checking defaults for OML/cmm/m/it on input line 71.
LaTeX Font Info:    ... okay on input line 71.
LaTeX Font Info:    Checking defaults for T1/cmr/m/n on input line 71.
LaTeX Font Info:    ... okay on input line 71.
LaTeX Font Info:    Checking defaults for OT1/cmr/m/n on input line 71.
LaTeX Font Info:    ... okay on input line 71.
LaTeX Font Info:    Checking defaults for OMS/cmsy/m/n on input line 71.
LaTeX Font Info:    ... okay on input line 71.
LaTeX Font Info:    Checking defaults for OMX/cmex/m/n on input line 71.
LaTeX Font Info:    ... okay on input line 71.
LaTeX Font Info:    Checking defaults for U/cmr/m/n on input line 71.
LaTeX Font Info:    ... okay on input line 71.
 (/usr/local/texlive/2007/texmf-dist/tex/context/base/supp-pdf.tex
[Loading MPS to PDF converter (version 2006.09.02).]
\scratchcounter=\count108
\scratchdimen=\dimen142
\scratchbox=\box29
\nofMPsegments=\count109
\nofMParguments=\count110
\MPscratchCnt=\count111
\MPscratchDim=\dimen143
\MPnumerator=\count112
\everyMPtoPDFconversion=\toks22
)
LaTeX Font Info:    Font shape `OT1/ptm/bx/n' in size <14> not available
(Font)              Font shape `OT1/ptm/b/n' tried instead on input line 74.
LaTeX Font Info:    Try loading font information for U+msa on input line 74.
 (/usr/local/texlive/2007/texmf-dist/tex/latex/amsfonts/umsa.fd
File: umsa.fd 2002/01/19 v2.2g AMS font definitions
)
LaTeX Font Info:    Try loading font information for U+msb on input line 74.

(/usr/local/texlive/2007/texmf-dist/tex/latex/amsfonts/umsb.fd
File: umsb.fd 2002/01/19 v2.2g AMS font definitions
)
Underfull \hbox (badness 10000) in paragraph at lines 88--90
\OT1/ptm/m/n/10 com-pu-ta-tional fluid dy-nam-ics (CFD) - molec-u-lar
 []


Underfull \hbox (badness 5446) in paragraph at lines 88--90
\OT1/ptm/m/n/10 on con-ven-tional mod-er-ate/large size fluid do-mains,
 []


Underfull \hbox (badness 10000) in paragraph at lines 88--90

 []


Underfull \hbox (badness 2073) in paragraph at lines 92--95
\OT1/ptm/m/n/10 to dif-fer-ent atom-istic in-ter-ac-tion in the in-finites-i-ma
l
 []


Underfull \hbox (badness 2073) in paragraph at lines 92--95
\OT1/ptm/m/n/10 Cou-ette flow by molec-u-lar dy-namic sim-u-la-tions are
 []


Underfull \hbox (badness 3088) in paragraph at lines 92--95
\OT1/ptm/m/n/10 pre-sented at dif-fer-ent hy-drophile be-tween wall and
 []


Underfull \hbox (badness 1377) in paragraph at lines 92--95
\OT1/ptm/m/n/10 sim-u-la-tions can-not present with-out spe-cial treat-ments
 []


Underfull \hbox (badness 10000) in paragraph at lines 92--95

 []



pdfTeX warning: /usr/texbin/pdflatex (file ./MD_Solution_New.pdf): PDF inclusio
n: found PDF version <1.6>, but at most version <1.4> allowed
<MD_Solution_New.pdf, id=1, 588.66924pt x 772.63657pt>
File: MD_Solution_New.pdf Graphic file (type pdf)

<use MD_Solution_New.pdf>
Underfull \hbox (badness 2426) in paragraph at lines 106--113
[][]\OT1/ptm/m/n/10 ***Jeff: 1 para-graph; Ben-e-fit over MD: ef-fi-cient
 []


Underfull \hbox (badness 10000) in paragraph at lines 106--113

 []


Underfull \hbox (badness 10000) in paragraph at lines 106--113

 []


Underfull \hbox (badness 10000) in paragraph at lines 106--113

 []


Underfull \hbox (badness 1377) in paragraph at lines 116--120
\OT1/ptm/m/n/10 over pure CFD or pure MD sim-u-la-tions, not many
 []


Underfull \hbox (badness 3271) in paragraph at lines 116--120
\OT1/ptm/m/n/10 do-main and cou-pling hy-brid in-ter-face, the so-lu-tion
 []


Underfull \hbox (badness 1371) in paragraph at lines 116--120
\OT1/ptm/m/n/10 is strongly af-fected by the spec-i-fi-ca-tion of cou-pling
 []


Underfull \hbox (badness 10000) in paragraph at lines 116--120

 []

[1{/usr/local/texlive/2007/texmf-var/fonts/map/pdftex/updmap/pdftex.map}


]
Underfull \hbox (badness 1810) in paragraph at lines 122--125
\OT1/ptm/m/n/10 cou-pling con-di-tion be-tween CFD and MD do-mains,
 []


Underfull \hbox (badness 2772) in paragraph at lines 122--125
\OT1/ptm/m/n/10 mul-ti-ple ap-pli-ca-tion do-mains into a sin-gle prob-lem
 []


Underfull \hbox (badness 1708) in paragraph at lines 122--125
\OT1/ptm/m/n/10 set. Con-sid-er-ing very dif-fer-ent com-pu-ta-tional ker-nels
 []


Underfull \hbox (badness 4168) in paragraph at lines 122--125
\OT1/ptm/m/n/10 ex-plicit load-management/balancing sup-port, there is
 []


Underfull \hbox (badness 10000) in paragraph at lines 122--125

 []


Underfull \hbox (badness 1406) in paragraph at lines 127--129
[]\OT1/ptm/m/n/10 Conceptually, the adop-tion of a Pilot-Job con-cept
 []


Underfull \hbox (badness 5403) in paragraph at lines 127--129
\OT1/ptm/m/n/10 jobs; in-ter-est-ingly, the dy-namic re-source al-lo-ca-tion
 []


Underfull \hbox (badness 3690) in paragraph at lines 127--129
\OT1/ptm/m/n/10 load-balancing of two in-de-pen-dent but con-cur-rently
 []


Underfull \hbox (badness 10000) in paragraph at lines 127--129

 []


Underfull \vbox (badness 2689) has occurred while \output is active []

 [2 <./MD_Solution_New.pdf>]
Underfull \hbox (badness 10000) in paragraph at lines 136--139

 []


Underfull \hbox (badness 10000) in paragraph at lines 148--150
\OT1/ptm/m/n/10 and con-tin-uum de-scrip-tions adopt-ing in-for-ma-tion
 []


Underfull \hbox (badness 3189) in paragraph at lines 148--150
\OT1/ptm/m/n/10 ex-change based on con-strained equa-tion of mo-tion
 []


Underfull \hbox (badness 10000) in paragraph at lines 148--150

 []


Underfull \hbox (badness 10000) in paragraph at lines 153--155

 []


Underfull \hbox (badness 1521) in paragraph at lines 159--162
\OT1/ptm/m/n/10 starts from the con-cept that the in-er-tial force from
 []


Underfull \hbox (badness 10000) in paragraph at lines 159--162

 []


Underfull \hbox (badness 1845) in paragraph at lines 165--168
\OT1/ptm/m/n/10 de-mands a con-strained par-ti-cle dy-nam-ics to achieve
 []


Underfull \hbox (badness 10000) in paragraph at lines 165--168

 []

<Couette7.pdf, id=24, 909.3975pt x 741.77126pt>
File: Couette7.pdf Graphic file (type pdf)
 <use Couette7.pdf>
Underfull \hbox (badness 7221) in paragraph at lines 193--194
[]\OT1/ptm/m/n/10 Two-dimensional un-steady in-com-press-ible Navier-
 []


Underfull \vbox (badness 10000) has occurred while \output is active []

 [3 <./Couette7.pdf>]
Underfull \hbox (badness 10000) in paragraph at lines 245--252

 []


Underfull \hbox (badness 5862) in paragraph at lines 261--263
\OT1/ptm/m/n/10 file-based in-for-ma-tion ex-change be-tween con-tin-uum
 []


Underfull \hbox (badness 10000) in paragraph at lines 261--263

 []

[4]
Overfull \hbox (11.82382pt too wide) detected at line 321
[]\OT1/cmr/m/n/10 (\OML/cmm/m/it/10 t\OT1/cmr/m/n/10 ) = [] \OMS/cmsy/m/n/10 ^^
@ [] ^^@ []f[] ^^@ \OML/cmm/m/it/10 u[]\OT1/cmr/m/n/10 (\OML/cmm/m/it/10 t \OT1
/cmr/m/n/10 + ^^A\OML/cmm/m/it/10 t[]\OT1/cmr/m/n/10 )\OMS/cmsy/m/n/10 g
 []



pdfTeX warning: /usr/texbin/pdflatex (file ./Hybrid_Flowchart_1.pdf): PDF inclu
sion: found PDF version <1.6>, but at most version <1.4> allowed
<Hybrid_Flowchart_1.pdf, id=45, 526.25607pt x 233.89383pt>
File: Hybrid_Flowchart_1.pdf Graphic file (type pdf)

<use Hybrid_Flowchart_1.pdf> [5 <./Hybrid_Flowchart_1.pdf>]
system(epstopdf stci_saga_figures-1.eps)...executed.


<stci_saga_figures-1.pdf, id=55, 471.7625pt x 297.11pt>
File: stci_saga_figures-1.pdf Graphic file (type pdf)

<use stci_saga_figures-1.pdf>
Overfull \hbox (11.29218pt too wide) in paragraph at lines 365--366
 [] 
 []

<Structure_of_BigJob.pdf, id=56, 611.28375pt x 464.73625pt>
File: Structure_of_BigJob.pdf Graphic file (type pdf)

<use Structure_of_BigJob.pdf> [6 <./stci_saga_figures-1.pdf> <./Structure_of_Bi
gJob.pdf>]
Underfull \hbox (badness 10000) in paragraph at lines 468--470

 []

[7]
system(epstopdf Simulation_Time_of_One_BigJob.eps)...executed.

 <Simulation_Time_of_One_BigJob.pdf, id=164, 581.17125pt x 734.745pt>
File: Simulation_Time_of_One_BigJob.pdf Graphic file (type pdf)

<use Simulation_Time_of_One_BigJob.pdf>
Underfull \vbox (badness 2126) has occurred while \output is active []

 [8 <./Simulation_Time_of_One_BigJob.pdf>]

pdfTeX warning: /usr/texbin/pdflatex (file ./MD_Regular_Vel0_5e-3.pdf): PDF inc
lusion: found PDF version <1.6>, but at most version <1.4> allowed
<MD_Regular_Vel0_5e-3.pdf, id=172, 650.43pt x 578.16pt>
File: MD_Regular_Vel0_5e-3.pdf Graphic file (type pdf)

<use MD_Regular_Vel0_5e-3.pdf>

pdfTeX warning: /usr/texbin/pdflatex (file ./MD_Regular_Vel0_1e-3.pdf): PDF inc
lusion: found PDF version <1.6>, but at most version <1.4> allowed
<MD_Regular_Vel0_1e-3.pdf, id=173, 650.43pt x 578.16pt>
File: MD_Regular_Vel0_1e-3.pdf Graphic file (type pdf)

<use MD_Regular_Vel0_1e-3.pdf>

pdfTeX warning: /usr/texbin/pdflatex (file ./Couette_Val_Domain.pdf): PDF inclu
sion: found PDF version <1.6>, but at most version <1.4> allowed
<Couette_Val_Domain.pdf, id=174, 637.29088pt x 490.78357pt>
File: Couette_Val_Domain.pdf Graphic file (type pdf)

<use Couette_Val_Domain.pdf>

LaTeX Warning: Command \r invalid in math mode on input line 532.


LaTeX Warning: Command \r invalid in math mode on input line 532.



pdfTeX warning: /usr/texbin/pdflatex (file ./Flat_Plate_Sol1_New.pdf): PDF incl
usion: found PDF version <1.6>, but at most version <1.4> allowed
<Flat_Plate_Sol1_New.pdf, id=175, 515.08432pt x 467.78766pt>
File: Flat_Plate_Sol1_New.pdf Graphic file (type pdf)

<use Flat_Plate_Sol1_New.pdf>

pdfTeX warning: /usr/texbin/pdflatex (file ./Flat_Plate_Sol2_New.pdf): PDF incl
usion: found PDF version <1.6>, but at most version <1.4> allowed
<Flat_Plate_Sol2_New.pdf, id=176, 520.34402pt x 467.78766pt>
File: Flat_Plate_Sol2_New.pdf Graphic file (type pdf)

<use Flat_Plate_Sol2_New.pdf> [9 <./MD_Regular_Vel0_5e-3.pdf> <./MD_Regular_Vel
0_1e-3.pdf> <./Couette_Val_Domain.pdf>]

pdfTeX warning: /usr/texbin/pdflatex (file ./Stokes_Sol_1_New.pdf): PDF inclusi
on: found PDF version <1.6>, but at most version <1.4> allowed
<Stokes_Sol_1_New.pdf, id=200, 511.80211pt x 494.71826pt>
File: Stokes_Sol_1_New.pdf Graphic file (type pdf)

<use Stokes_Sol_1_New.pdf>

pdfTeX warning: /usr/texbin/pdflatex (file ./Stokes_Sol_2_New.pdf): PDF inclusi
on: found PDF version <1.6>, but at most version <1.4> allowed
<Stokes_Sol_2_New.pdf, id=201, 516.39923pt x 494.71826pt>
File: Stokes_Sol_2_New.pdf Graphic file (type pdf)

<use Stokes_Sol_2_New.pdf>
Underfull \hbox (badness 1895) in paragraph at lines 581--583
\OT1/ptm/m/n/10 wait-ing time on the lo-cal queue-ing sys-tem can be
 []


Underfull \hbox (badness 10000) in paragraph at lines 581--583

 []


Overfull \hbox (4.86008pt too wide) in paragraph at lines 604--604
 \OT1/ptm/m/n/8 processors| 
 []


Overfull \hbox (4.86008pt too wide) in paragraph at lines 642--642
 \OT1/ptm/m/n/8 processors| 
 []

[10 <./Flat_Plate_Sol1_New.pdf> <./Flat_Plate_Sol2_New.pdf> <./Stokes_Sol_1_New
.pdf> <./Stokes_Sol_2_New.pdf>]
Underfull \hbox (badness 10000) in paragraph at lines 681--683

 []


Underfull \hbox (badness 10000) in paragraph at lines 687--689

 []


Overfull \hbox (2.92305pt too wide) in paragraph at lines 718--718
 []\OT1/ptm/m/n/8 Conventional| 
 []


Overfull \hbox (2.92305pt too wide) in paragraph at lines 733--733
 []\OT1/ptm/m/n/8 Conventional| 
 []

[11]
system(epstopdf fig6_1.eps)...executed.

 <fig6_1.pdf, id=216, 539.01375pt x 399.4925pt>
File: fig6_1.pdf Graphic file (type pdf)
 <use fig6_1.pdf>
system(epstopdf fig6_2.eps)...executed.


<fig6_2.pdf, id=217, 539.01375pt x 399.4925pt>
File: fig6_2.pdf Graphic file (type pdf)
 <use fig6_2.pdf>
system(epstopdf fig7_11.eps)...executed.


<fig7_11.pdf, id=218, 539.01375pt x 399.4925pt>
File: fig7_11.pdf Graphic file (type pdf)
 <use fig7_11.pdf>
system(epstopdf fig7_21.eps)...executed.


<fig7_21.pdf, id=219, 539.01375pt x 399.4925pt>
File: fig7_21.pdf Graphic file (type pdf)
 <use fig7_21.pdf>
system(epstopdf fig7_12.eps)...executed.


<fig7_12.pdf, id=220, 539.01375pt x 399.4925pt>
File: fig7_12.pdf Graphic file (type pdf)
 <use fig7_12.pdf>
system(epstopdf fig7_22.eps)...executed.


<fig7_22.pdf, id=221, 539.01375pt x 399.4925pt>
File: fig7_22.pdf Graphic file (type pdf)
 <use fig7_22.pdf>
Underfull \hbox (badness 2343) in paragraph at lines 853--861
\OT1/ptm/m/n/10 (2007-10)-CyberRII-01. Im-por-tant fund-ing for SAGA
 []


Underfull \vbox (badness 10000) has occurred while \output is active []

 [12]

LaTeX Warning: Citation `ex1' undefined on input line 863.


LaTeX Warning: Citation `ex2' undefined on input line 863.

(./Journal_paper_071210.bbl [13 <./fig6_1.pdf> <./fig6_2.pdf> <./fig7_11.pdf> <
./fig7_21.pdf> <./fig7_12.pdf> <./fig7_22.pdf>])

** Conference Paper **
Before submitting the final camera ready copy, remember to:

 1. Manually equalize the lengths of two columns on the last page
 of your paper;

 2. Ensure that any PostScript and/or PDF output post-processing
 uses only Type 1 fonts and that every step in the generation
 process uses the appropriate paper size.

[14

] (./Journal_paper_071210.aux)

LaTeX Warning: There were undefined references.


LaTeX Warning: There were multiply-defined labels.

 ) 
Here is how much of TeX's memory you used:
 2789 strings out of 94073
 40186 string characters out of 1162984
 100604 words of memory out of 1500000
 6012 multiletter control sequences out of 10000+50000
 49069 words of font info for 107 fonts, out of 1200000 for 2000
 645 hyphenation exceptions out of 8191
 27i,13n,24p,2112b,370s stack positions out of 5000i,500n,6000p,200000b,5000s
{/usr/local/texlive/2007/texmf-dist/fonts/enc/dvips/base/8r.enc}</usr/local/t
exlive/2007/texmf-dist/fonts/type1/bluesky/cm/cmex10.pfb></usr/local/texlive/20
07/texmf-dist/fonts/type1/bluesky/cm/cmmi10.pfb></usr/local/texlive/2007/texmf-
dist/fonts/type1/bluesky/cm/cmmi6.pfb></usr/local/texlive/2007/texmf-dist/fonts
/type1/bluesky/cm/cmmi7.pfb></usr/local/texlive/2007/texmf-dist/fonts/type1/blu
esky/cm/cmmi8.pfb></usr/local/texlive/2007/texmf-dist/fonts/type1/bluesky/cm/cm
mi9.pfb></usr/local/texlive/2007/texmf-dist/fonts/type1/bluesky/cm/cmr10.pfb></
usr/local/texlive/2007/texmf-dist/fonts/type1/bluesky/cm/cmr6.pfb></usr/local/t
exlive/2007/texmf-dist/fonts/type1/bluesky/cm/cmr7.pfb></usr/local/texlive/2007
/texmf-dist/fonts/type1/bluesky/cm/cmr8.pfb></usr/local/texlive/2007/texmf-dist
/fonts/type1/bluesky/cm/cmr9.pfb></usr/local/texlive/2007/texmf-dist/fonts/type
1/bluesky/cm/cmsy10.pfb></usr/local/texlive/2007/texmf-dist/fonts/type1/bluesky
/cm/cmsy6.pfb></usr/local/texlive/2007/texmf-dist/fonts/type1/bluesky/cm/cmsy7.
pfb></usr/local/texlive/2007/texmf-dist/fonts/type1/bluesky/cm/cmsy8.pfb></usr/
local/texlive/2007/texmf-dist/fonts/type1/bluesky/cm/cmsy9.pfb></usr/local/texl
ive/2007/texmf-dist/fonts/type1/bluesky/cm/cmti10.pfb></usr/local/texlive/2007/
texmf-dist/fonts/type1/bluesky/cm/cmti7.pfb></usr/local/texlive/2007/texmf-dist
/fonts/type1/urw/helvetic/uhvb8a.pfb></usr/local/texlive/2007/texmf-dist/fonts/
type1/urw/times/utmb8a.pfb></usr/local/texlive/2007/texmf-dist/fonts/type1/urw/
times/utmr8a.pfb></usr/local/texlive/2007/texmf-dist/fonts/type1/urw/times/utmr
i8a.pfb>
Output written on Journal_paper_071210.pdf (14 pages, 1831708 bytes).
PDF statistics:
 539 PDF objects out of 1000 (max. 8388607)
 0 named destinations out of 1000 (max. 131072)
 96 words of extra memory for PDF output out of 10000 (max. 10000000)

