\BOOKMARK [1][-]{section.1}{Introduction}{}
\BOOKMARK [1][-]{section.2}{Requirements}{}
\BOOKMARK [2][-]{subsection.2.1}{Dynamic Specification Landscape}{section.2}
\BOOKMARK [2][-]{subsection.2.2}{Evolving SAGA Specification}{section.2}
\BOOKMARK [2][-]{subsection.2.3}{Evolving Grid Middleware}{section.2}
\BOOKMARK [2][-]{subsection.2.4}{Dynamic Grid Environment}{section.2}
\BOOKMARK [2][-]{subsection.2.5}{Heterogeneous Grid Environment}{section.2}
\BOOKMARK [2][-]{subsection.2.6}{Distributed Grid Applications}{section.2}
\BOOKMARK [2][-]{subsection.2.7}{End User Requirements}{section.2}
\BOOKMARK [1][-]{section.3}{General Design}{}
\BOOKMARK [2][-]{subsection.3.1}{Design Objectives}{section.3}
\BOOKMARK [2][-]{subsection.3.2}{The Overall Architecture}{section.3}
\BOOKMARK [3][-]{subsubsection.3.2.1}{Horizontal Extensibility \205 API Packages}{subsection.3.2}
\BOOKMARK [3][-]{subsubsection.3.2.2}{Vertical Extensibility \205 Middleware Bindings}{subsection.3.2}
\BOOKMARK [3][-]{subsubsection.3.2.3}{Extensibility for Optimization and Features}{subsection.3.2}
\BOOKMARK [1][-]{section.4}{Implementation Challenges and Details}{}
\BOOKMARK [2][-]{subsection.4.1}{General considerations}{section.4}
\BOOKMARK [3][-]{subsubsection.4.1.1}{The SAGA task model}{subsection.4.1}
\BOOKMARK [3][-]{subsubsection.4.1.2}{The Object Instance Structure}{subsection.4.1}
\BOOKMARK [2][-]{subsection.4.2}{Inheritance and PIMPL}{section.4}
\BOOKMARK [2][-]{subsection.4.3}{State Management}{section.4}
\BOOKMARK [2][-]{subsection.4.4}{Generic Call Routing}{section.4}
\BOOKMARK [3][-]{subsubsection.4.4.1}{Sync/Async Routing}{subsection.4.4}
\BOOKMARK [3][-]{subsubsection.4.4.2}{Bulk optimizations}{subsection.4.4}
\BOOKMARK [2][-]{subsection.4.5}{Adaptor Selection}{section.4}
\BOOKMARK [2][-]{subsection.4.6}{Utilization of Macros}{section.4}
\BOOKMARK [1][-]{section.5}{Lessons Learnt \205 Implementation Properties}{}
\BOOKMARK [2][-]{subsection.5.1}{Uniformity over Programming Languages}{section.5}
\BOOKMARK [2][-]{subsection.5.2}{Genericity in respect to Middleware, and Adaptability to Dynamic Environments}{section.5}
\BOOKMARK [2][-]{subsection.5.3}{Modularity makes the Implementation Extensible}{section.5}
\BOOKMARK [2][-]{subsection.5.4}{Portability and Scalability}{section.5}
\BOOKMARK [2][-]{subsection.5.5}{Simplicity for the End User}{section.5}
\BOOKMARK [1][-]{section.6}{Future Work}{}
\BOOKMARK [1][-]{section.7}{Conclusion}{}
\BOOKMARK [1][-]{section.8}{Acknowledgments}{}
\BOOKMARK [1][-]{section.9}{Additional Authors}{}
\BOOKMARK [1][-]{section.10}{References}{}
