This is pdfTeXk, Version 3.141592-1.40.3 (Web2C 7.5.6) (format=pdflatex 2007.5.18)  17 NOV 2011 12:55
entering extended mode
\write18 enabled.
 %&-line parsing enabled.
**HybridSimulationB.tex
(./HybridSimulationB.tex
LaTeX2e <2005/12/01>
Babel <v3.8h> and hyphenation patterns for english, usenglishmax, dumylang, noh
yphenation, arabic, basque, bulgarian, coptic, welsh, czech, slovak, german, ng
erman, danish, esperanto, spanish, catalan, galician, estonian, farsi, finnish,
 french, greek, monogreek, ancientgreek, croatian, hungarian, interlingua, ibyc
us, indonesian, icelandic, italian, latin, mongolian, dutch, norsk, polish, por
tuguese, pinyin, romanian, russian, slovenian, uppersorbian, serbian, swedish, 
turkish, ukenglish, ukrainian, loaded.
(./aiaa-tc.cls
Document Class: aiaa-tc 2004/11/23 v3.8 AIAA technical conference paper
(/usr/local/texlive/2007/texmf-dist/tex/latex/base/article.cls
Document Class: article 2005/09/16 v1.4f Standard LaTeX document class
(/usr/local/texlive/2007/texmf-dist/tex/latex/base/size10.clo
File: size10.clo 2005/09/16 v1.4f Standard LaTeX file (size option)
)
\c@part=\count79
\c@section=\count80
\c@subsection=\count81
\c@subsubsection=\count82
\c@paragraph=\count83
\c@subparagraph=\count84
\c@figure=\count85
\c@table=\count86
\abovecaptionskip=\skip41
\belowcaptionskip=\skip42
\bibindent=\dimen102
)
(/usr/local/texlive/2007/texmf-dist/tex/latex/geometry/geometry.sty
Package: geometry 2002/07/08 v3.2 Page Geometry

(/usr/local/texlive/2007/texmf-dist/tex/latex/graphics/keyval.sty
Package: keyval 1999/03/16 v1.13 key=value parser (DPC)
\KV@toks@=\toks14
)
\Gm@cnth=\count87
\Gm@cntv=\count88
\c@Gm@tempcnt=\count89
\Gm@bindingoffset=\dimen103
\Gm@wd@mp=\dimen104
\Gm@odd@mp=\dimen105
\Gm@even@mp=\dimen106
\Gm@dimlist=\toks15

(/usr/local/texlive/2007/texmf-dist/tex/xelatex/xetexconfig/geometry.cfg))
(/usr/local/texlive/2007/texmf-dist/tex/latex/cite/overcite.sty
Package: overcite 2003/05/27  v 4.0
)
(/usr/local/texlive/2007/texmf-dist/tex/latex/cite/cite.sty
LaTeX Info: Redefining \cite on input line 149.
LaTeX Info: Redefining \nocite on input line 214.
Package: cite 2003/11/04  v 4.01
LaTeX Info: Redefining \cite on input line 282.
)
(/usr/local/texlive/2007/texmf-dist/tex/latex/fancyhdr/fancyhdr.sty
\fancy@headwidth=\skip43
\f@ncyO@elh=\skip44
\f@ncyO@erh=\skip45
\f@ncyO@olh=\skip46
\f@ncyO@orh=\skip47
\f@ncyO@elf=\skip48
\f@ncyO@erf=\skip49
\f@ncyO@olf=\skip50
\f@ncyO@orf=\skip51
)
(/usr/local/texlive/2007/texmf-dist/tex/latex/lastpage/lastpage.sty
Package: lastpage 1994/06/25 v0.1b LaTeX2e package for refs to last page number
 (JPG)
)
(/usr/local/texlive/2007/texmf-dist/tex/latex/graphics/graphicx.sty
Package: graphicx 1999/02/16 v1.0f Enhanced LaTeX Graphics (DPC,SPQR)

(/usr/local/texlive/2007/texmf-dist/tex/latex/graphics/graphics.sty
Package: graphics 2006/02/20 v1.0o Standard LaTeX Graphics (DPC,SPQR)

(/usr/local/texlive/2007/texmf-dist/tex/latex/graphics/trig.sty
Package: trig 1999/03/16 v1.09 sin cos tan (DPC)
)
(/usr/local/texlive/2007/texmf/tex/latex/config/graphics.cfg
File: graphics.cfg 2007/01/18 v1.5 graphics configuration of teTeX/TeXLive
)
Package graphics Info: Driver file: pdftex.def on input line 90.

(/usr/local/texlive/2007/texmf-dist/tex/latex/pdftex-def/pdftex.def
File: pdftex.def 2007/01/08 v0.04d Graphics/color for pdfTeX
\Gread@gobject=\count90
))
\Gin@req@height=\dimen107
\Gin@req@width=\dimen108
)
(/usr/local/texlive/2007/texmf-dist/tex/latex/tools/array.sty
Package: array 2005/08/23 v2.4b Tabular extension package (FMi)
\col@sep=\dimen109
\extrarowheight=\dimen110
\NC@list=\toks16
\extratabsurround=\skip52
\backup@length=\skip53
)
\aiaa@overhang=\skip54
\c@aiaa@cthanks=\count91
\c@aiaa@cfootnote=\count92
)
(/usr/local/texlive/2007/texmf-dist/tex/latex/tools/varioref.sty
Package: varioref 2006/05/13 v1.4p package for extended references (FMi)
\c@vrcnt=\count93
)
(/usr/local/texlive/2007/texmf-dist/tex/latex/wrapfig/wrapfig.sty
\wrapoverhang=\dimen111
\WF@size=\dimen112
\c@WF@wrappedlines=\count94
\WF@box=\box26
\WF@everypar=\toks17
Package: wrapfig 2003/01/31  v 3.6
)
(/usr/local/texlive/2007/texmf-dist/tex/latex/ltxmisc/threeparttable.sty
Package: threeparttable 2003/06/13  v 3.0
\@tempboxb=\box27
)
(/usr/local/texlive/2007/texmf-dist/tex/latex/tools/dcolumn.sty
Package: dcolumn 2001/05/28 v1.06 decimal alignment package (DPC)
)
(/usr/local/texlive/2007/texmf-dist/tex/latex/nomencl/nomencl.sty
Package: nomencl 2005/09/22 v4.2 Nomenclature package (LN)
\nomlabelwidth=\dimen113
\nom@tempdim=\dimen114
\nomitemsep=\skip55
)
\@glossaryfile=\write3
\openout3 = `HybridSimulationB.glo'.


Writing glossary file HybridSimulationB.glo 
(/usr/local/texlive/2007/texmf-dist/tex/latex/subfigure/subfigure.sty
Package: subfigure 2002/03/15 v2.1.5 subfigure package
\subfigtopskip=\skip56
\subfigcapskip=\skip57
\subfigcaptopadj=\dimen115
\subfigbottomskip=\skip58
\subfigcapmargin=\dimen116
\subfiglabelskip=\skip59
\c@subfigure=\count95
\c@lofdepth=\count96
\c@subtable=\count97
\c@lotdepth=\count98

****************************************
* Local config file subfigure.cfg used *
****************************************
(/usr/local/texlive/2007/texmf-dist/tex/latex/subfigure/subfigure.cfg)
\subfig@top=\skip60
\subfig@bottom=\skip61
)
(./subfigmat.sty
Package: subfigmat 1999/02/27 v1.0 Subfigure Matrix Package
\sfm@width=\skip62
\sfmcolsep=\skip63
\c@sfm@count=\count99
)
(/usr/local/texlive/2007/texmf-dist/tex/latex/fancyvrb/fancyvrb.sty
Package: fancyvrb 1998/07/17

Style option: `fancyvrb' v2.6, with DG/SPQR fixes <1998/07/17> (tvz)
\FV@CodeLineNo=\count100
\FV@InFile=\read1
\FV@TabBox=\box28
\c@FancyVerbLine=\count101
\FV@StepNumber=\count102
\FV@OutFile=\write4

No file fancyvrb.cfg.
) (./lettrine.sty
File: lettrine.sty 2007/08/08 v1.62 (Daniel Flipo)
\c@DefaultLines=\count103
\DefaultFindent=\dimen117
\DefaultNindent=\dimen118
\DefaultSlope=\dimen119
\L@lbox=\box29
\L@tbox=\box30
\c@L@lines=\count104
\L@Pindent=\dimen120
\L@Findent=\dimen121
\L@Nindent=\dimen122
\L@lraise=\dimen123
\L@first=\dimen124
\L@next=\dimen125
\L@slope=\dimen126
\L@height=\dimen127
\LettrineWidth=\dimen128

Loading lettrine.cfg
(/usr/local/texlive/2007/texmf-dist/tex/latex/lettrine/lettrine.cfg))
(./dropping.sty
Package: dropping 1997/06/12 v.0.12
\bigscale=\count105
\down=\count106
\saveunitlength=\dimen129
\wantedheight=\dimen130
 (/usr/local/texlive/2007/texmf/tex/latex/config/graphics.cfg
File: graphics.cfg 2007/01/18 v1.5 graphics configuration of teTeX/TeXLive
)
\wantedcount=\count107
\actualcount=\count108
\actualheight=\dimen131
)
(/usr/local/texlive/2007/texmf-dist/tex/latex/hyperref/hyperref.sty
Package: hyperref 2007/02/07 v6.75r Hypertext links for LaTeX
\@linkdim=\dimen132
\Hy@linkcounter=\count109
\Hy@pagecounter=\count110

(/usr/local/texlive/2007/texmf-dist/tex/latex/hyperref/pd1enc.def
File: pd1enc.def 2007/02/07 v6.75r Hyperref: PDFDocEncoding definition (HO)
)
(/usr/local/texlive/2007/texmf/tex/latex/config/hyperref.cfg
File: hyperref.cfg 2002/06/06 v1.2 hyperref configuration of TeXLive
)
(/usr/local/texlive/2007/texmf-dist/tex/latex/oberdiek/kvoptions.sty
Package: kvoptions 2006/08/22 v2.4 Connects package keyval with LaTeX options (
HO)
)
Package hyperref Info: Option `colorlinks' set `true' on input line 2238.
Package hyperref Info: Hyper figures OFF on input line 2288.
Package hyperref Info: Link nesting OFF on input line 2293.
Package hyperref Info: Hyper index ON on input line 2296.
Package hyperref Info: Plain pages OFF on input line 2303.
Package hyperref Info: Backreferencing OFF on input line 2308.

Implicit mode ON; LaTeX internals redefined
Package hyperref Info: Bookmarks ON on input line 2444.
(/usr/local/texlive/2007/texmf-dist/tex/latex/ltxmisc/url.sty
\Urlmuskip=\muskip10
Package: url 2005/06/27  ver 3.2  Verb mode for urls, etc.
)
LaTeX Info: Redefining \url on input line 2599.
\Fld@menulength=\count111
\Field@Width=\dimen133
\Fld@charsize=\dimen134
\Choice@toks=\toks18
\Field@toks=\toks19
Package hyperref Info: Hyper figures OFF on input line 3102.
Package hyperref Info: Link nesting OFF on input line 3107.
Package hyperref Info: Hyper index ON on input line 3110.
Package hyperref Info: backreferencing OFF on input line 3117.
Package hyperref Info: Link coloring ON on input line 3120.
\Hy@abspage=\count112
\c@Item=\count113
\c@Hfootnote=\count114
)
*hyperref using default driver hpdftex*
(/usr/local/texlive/2007/texmf-dist/tex/latex/hyperref/hpdftex.def
File: hpdftex.def 2007/02/07 v6.75r Hyperref driver for pdfTeX
\Fld@listcount=\count115
)
(./HybridSimulationB.aux)
\openout1 = `HybridSimulationB.aux'.

LaTeX Font Info:    Checking defaults for OML/cmm/m/it on input line 122.
LaTeX Font Info:    ... okay on input line 122.
LaTeX Font Info:    Checking defaults for T1/cmr/m/n on input line 122.
LaTeX Font Info:    ... okay on input line 122.
LaTeX Font Info:    Checking defaults for OT1/cmr/m/n on input line 122.
LaTeX Font Info:    ... okay on input line 122.
LaTeX Font Info:    Checking defaults for OMS/cmsy/m/n on input line 122.
LaTeX Font Info:    ... okay on input line 122.
LaTeX Font Info:    Checking defaults for OMX/cmex/m/n on input line 122.
LaTeX Font Info:    ... okay on input line 122.
LaTeX Font Info:    Checking defaults for U/cmr/m/n on input line 122.
LaTeX Font Info:    ... okay on input line 122.
LaTeX Font Info:    Checking defaults for PD1/pdf/m/n on input line 122.
LaTeX Font Info:    ... okay on input line 122.
-------------------- Geometry parameters
paper: class default
landscape: --
twocolumn: --
twoside: --
asymmetric: --
h-parts: 72.26999pt, 469.75502pt, 72.26999pt
v-parts: 54.2025pt, 668.4975pt, 72.26999pt
hmarginratio: --
vmarginratio: --
lines: --
heightrounded: --
bindingoffset: 0.0pt
truedimen: --
includehead: --
includefoot: --
includemp: --
driver: pdftex
-------------------- Page layout dimensions and switches
\paperwidth  614.295pt
\paperheight 794.96999pt
\textwidth  469.75502pt
\textheight 668.4975pt
\oddsidemargin  0.0pt
\evensidemargin 0.0pt
\topmargin  -55.06749pt
\headheight 12.0pt
\headsep    25.0pt
\footskip   30.0pt
\marginparwidth 65.0pt
\marginparsep   11.0pt
\columnsep  10.0pt
\skip\footins  9.0pt plus 4.0pt minus 2.0pt
\hoffset 0.0pt
\voffset 0.0pt
\mag 1000

(1in=72.27pt, 1cm=28.45pt)
-----------------------

(/usr/local/texlive/2007/texmf-dist/tex/context/base/supp-pdf.tex
[Loading MPS to PDF converter (version 2006.09.02).]
\scratchcounter=\count116
\scratchdimen=\dimen135
\scratchbox=\box31
\nofMPsegments=\count117
\nofMParguments=\count118
\MPscratchCnt=\count119
\MPscratchDim=\dimen136
\MPnumerator=\count120
\everyMPtoPDFconversion=\toks20
) (/usr/local/texlive/2007/texmf-dist/tex/latex/base/ifthen.sty
Package: ifthen 2001/05/26 v1.1c Standard LaTeX ifthen package (DPC)
)
(/usr/local/texlive/2007/texmf-dist/tex/latex/graphics/color.sty
Package: color 2005/11/14 v1.0j Standard LaTeX Color (DPC)

(/usr/local/texlive/2007/texmf/tex/latex/config/color.cfg
File: color.cfg 2007/01/18 v1.5 color configuration of teTeX/TeXLive
)
Package color Info: Driver file: pdftex.def on input line 130.
)
Package hyperref Info: Link coloring ON on input line 122.

(/usr/local/texlive/2007/texmf-dist/tex/latex/hyperref/nameref.sty
Package: nameref 2006/12/27 v2.28 Cross-referencing by name of section

(/usr/local/texlive/2007/texmf-dist/tex/latex/oberdiek/refcount.sty
Package: refcount 2006/02/20 v3.0 Data extraction from references (HO)
)
\c@section@level=\count121
)
LaTeX Info: Redefining \ref on input line 122.
LaTeX Info: Redefining \pageref on input line 122.

(./HybridSimulationB.out) (./HybridSimulationB.out)
\@outlinefile=\write5
\openout5 = `HybridSimulationB.out'.

LaTeX Font Info:    External font `cmex10' loaded for size
(Font)              <12> on input line 125.
LaTeX Font Info:    External font `cmex10' loaded for size
(Font)              <8> on input line 125.
LaTeX Font Info:    External font `cmex10' loaded for size
(Font)              <6> on input line 125.
LaTeX Font Info:    External font `cmex10' loaded for size
(Font)              <5> on input line 125.
LaTeX Font Info:    External font `cmex10' loaded for size
(Font)              <7> on input line 147.
 [1

{/usr/local/texlive/2007/texmf-var/fonts/map/pdftex/updmap/pdftex.map}]
<Hybrid_Schematic.jpg, id=76, 682.04813pt x 556.32843pt>
File: Hybrid_Schematic.jpg Graphic file (type jpg)

<use Hybrid_Schematic.jpg> [2 <./Hybrid_Schematic.jpg>] [3] [4]
<Couette_Val_Domain.jpg, id=114, 645.91313pt x 562.35094pt>
File: Couette_Val_Domain.jpg Graphic file (type jpg)

<use Couette_Val_Domain.jpg>

LaTeX Warning: Command \r invalid in math mode on input line 555.


LaTeX Warning: Command \r invalid in math mode on input line 555.

<Flat_Plate_Sol2.jpg, id=116, 587.19376pt x 532.99126pt>
File: Flat_Plate_Sol2.jpg Graphic file (type jpg)

<use Flat_Plate_Sol2.jpg> [5 <./Couette_Val_Domain.jpg>]
(./HybridSimulationB.bbl [6 <./Flat_Plate_Sol2.jpg>])
AED: lastpage setting LastPage [7] (./HybridSimulationB.aux) ) 
Here is how much of TeX's memory you used:
 4615 strings out of 94073
 64436 string characters out of 1162984
 132484 words of memory out of 1500000
 7768 multiletter control sequences out of 10000+50000
 11027 words of font info for 38 fonts, out of 1200000 for 2000
 645 hyphenation exceptions out of 8191
 33i,12n,45p,562b,445s stack positions out of 5000i,500n,6000p,200000b,5000s
</usr/local/texli
ve/2007/texmf-dist/fonts/type1/bluesky/cm/cmbx10.pfb></usr/local/texlive/2007/t
exmf-dist/fonts/type1/bluesky/cm/cmbx12.pfb></usr/local/texlive/2007/texmf-dist
/fonts/type1/bluesky/cm/cmbx7.pfb></usr/local/texlive/2007/texmf-dist/fonts/typ
e1/bluesky/cm/cmbx9.pfb></usr/local/texlive/2007/texmf-dist/fonts/type1/bluesky
/cm/cmcsc10.pfb></usr/local/texlive/2007/texmf-dist/fonts/type1/bluesky/cm/cmex
10.pfb></usr/local/texlive/2007/texmf-dist/fonts/type1/bluesky/cm/cmmi10.pfb></
usr/local/texlive/2007/texmf-dist/fonts/type1/bluesky/cm/cmmi5.pfb></usr/local/
texlive/2007/texmf-dist/fonts/type1/bluesky/cm/cmmi7.pfb></usr/local/texlive/20
07/texmf-dist/fonts/type1/bluesky/cm/cmmi8.pfb></usr/local/texlive/2007/texmf-d
ist/fonts/type1/bluesky/cm/cmr10.pfb></usr/local/texlive/2007/texmf-dist/fonts/
type1/bluesky/cm/cmr12.pfb></usr/local/texlive/2007/texmf-dist/fonts/type1/blue
sky/cm/cmr17.pfb></usr/local/texlive/2007/texmf-dist/fonts/type1/bluesky/cm/cmr
5.pfb></usr/local/texlive/2007/texmf-dist/fonts/type1/bluesky/cm/cmr6.pfb></usr
/local/texlive/2007/texmf-dist/fonts/type1/bluesky/cm/cmr7.pfb></usr/local/texl
ive/2007/texmf-dist/fonts/type1/bluesky/cm/cmr8.pfb></usr/local/texlive/2007/te
xmf-dist/fonts/type1/bluesky/cm/cmsy10.pfb></usr/local/texlive/2007/texmf-dist/
fonts/type1/bluesky/cm/cmsy6.pfb></usr/local/texlive/2007/texmf-dist/fonts/type
1/bluesky/cm/cmsy7.pfb></usr/local/texlive/2007/texmf-dist/fonts/type1/bluesky/
cm/cmsy8.pfb></usr/local/texlive/2007/texmf-dist/fonts/type1/bluesky/cm/cmti10.
pfb></usr/local/texlive/2007/texmf-dist/fonts/type1/bluesky/cm/cmti7.pfb></usr/
local/texlive/2007/texmf-dist/fonts/type1/bluesky/cm/cmti8.pfb></usr/local/texl
ive/2007/texmf-dist/fonts/type1/bluesky/cm/cmtt8.pfb>
Output written on HybridSimulationB.pdf (7 pages, 720091 bytes).
PDF statistics:
 262 PDF objects out of 1000 (max. 8388607)
 60 named destinations out of 1000 (max. 131072)
 128 words of extra memory for PDF output out of 10000 (max. 10000000)

