 300 310 320 330 
 300 310 320 330 340 350 360 370 
 300 310 320 330 
 300 310 320 330 
 300 310 320 330 340 350 360 370 
 300 310 320 330 
 300 310 320 330 340 350 360 370 
 300 310 320 330 
 300 310 320 330 340 350 360 370 
 300 310 320 330 340 350 360 370 
 300 310 320 330 340 350 360 370 
 300 310 320 330 340 350 360 370 
 300 310 320 330 340 350 360 370 380 390 400 410 420 430 440 450 
 300 310 320 330 340 350 360 370 380 390 400 410 420 430 440 450 460 470 480 490 501 500 520 530 540 550 560 570 580 590 600 610 
 300 310 320 330 340 350 360 370 
 300 310 320 330 340 350 360 370 380 390 400 410 420 430 440 450 
 300 310 320 330 340 350 360 370 380 390 400 410 420 430 440 450 460 470 480 490 500 501 520 530 540 550 560 570 580 590 600 610 
 300 310 320 330 340 350 360 370 
 300 310 320 330 340 350 360 370 380 390 400 410 420 430 440 450 
 300 310 320 330 340 350 360 370 380 390 400 410 420 430 440 450 460 470 480 490 501 500 520 530 540 550 560 570 580 590 600 610 
 300 310 320 330 340 350 360 370 
 300 310 320 330 340 350 360 370 380 390 400 410 420 430 440 450 
 300 310 320 330 340 350 360 370 380 390 400 410 420 430 440 450 460 470 480 490 500 501 520 530 540 550 560 570 580 590 600 610 
 300 310 320 330 340 350 360 370 
 300 310 320 330 340 350 360 370 380 390 400 410 420 430 440 450 
 300 310 320 330 340 350 360 370 380 390 400 410 420 430 440 450 460 470 480 490 501 500 520 530 540 550 560 570 580 590 600 610 
 300 310 320 330 340 350 360 370 
 300 310 320 330 340 350 360 370 380 390 400 410 420 430 440 450 
 300 310 320 330 340 350 360 370 380 390 400 410 420 430 440 450 460 470 480 490 500 501 520 530 540 550 560 570 580 590 610 600 
 300 310 320 330 340 350 360 370 
 300 310 320 330 340 350 360 370 380 390 400 410 420 430 440 450 
 300 310 320 330 340 350 360 370 380 390 400 410 420 430 440 450 460 470 480 490 500 501 520 530 540 550 560 570 580 590 610 600 
 300 310 320 330 340 350 360 370 
 300 310 320 330 340 350 360 370 380 390 400 410 420 430 440 450 
 300 310 320 330 340 350 360 370 380 390 400 410 420 430 440 450 460 470 480 490 501 500 520 530 540 550 560 570 580 590 610 600 
